<?xml version="1.0" encoding="UTF-8"?>
<!-- Generated by org.testng.reporters.JUnitReportReporter -->
<testsuite hostname="APL-5CD0506ZPH" failures="0" tests="1" name="com.automationTraining.myFirstTest" time="9.182" errors="0" timestamp="2023-06-28T14:36:16 IST" skipped="0">
  <testcase classname="com.automationTraining.myFirstTest" name="testcase01" time="9.182"/>
  <system-out/>
</testsuite> <!-- com.automationTraining.myFirstTest -->
